<?xml version="1.0" encoding="UTF-8"?>
<testsuite name="Tests" tests="4" skipped="0" failures="0" errors="0" timestamp="2022-07-29T16:40:16" hostname="KARHU" time="0.038">
  <properties/>
  <testcase name="testMinus()" classname="Tests" time="0.026"/>
  <testcase name="testPlus()" classname="Tests" time="0.002"/>
  <testcase name="testDevide()" classname="Tests" time="0.002"/>
  <testcase name="testMultiply()" classname="Tests" time="0.003"/>
  <system-out><![CDATA[Tests started
Test started
Test complete
Test started
Test complete
Test started
Test complete
Test started
Test complete
Tests are complete
]]></system-out>
  <system-err><![CDATA[]]></system-err>
</testsuite>
